This file contains any messages produced by compilers while
running configure, to aid debugging if configure makes a mistake.

It was created by OIP configure 0.05, which was
generated by GNU Autoconf 2.69.  Invocation command line was

  $ ./configure 

## --------- ##
## Platform. ##
## --------- ##

hostname = sfink-Ubuntu
uname -m = x86_64
uname -r = 3.16.0-49-generic
uname -s = Linux
uname -v = #65~14.04.1-Ubuntu SMP Wed Sep 9 10:03:23 UTC 2015

/usr/bin/uname -p = unknown
/bin/uname -X     = unknown

/bin/arch              = unknown
/usr/bin/arch -k       = unknown
/usr/convex/getsysinfo = unknown
/usr/bin/hostinfo      = unknown
/bin/machine           = unknown
/usr/bin/oslevel       = unknown
/bin/universe          = unknown

PATH: /usr/local/sbin
PATH: /usr/local/bin
PATH: /usr/sbin
PATH: /usr/bin
PATH: /sbin
PATH: /bin
PATH: /usr/games
PATH: /usr/local/games


## ----------- ##
## Core tests. ##
## ----------- ##

configure:2315: checking for a BSD-compatible install
configure:2383: result: /usr/bin/install -c
configure:2394: checking whether build environment is sane
configure:2449: result: yes
configure:2600: checking for a thread-safe mkdir -p
configure:2639: result: /bin/mkdir -p
configure:2646: checking for gawk
configure:2662: found /usr/bin/gawk
configure:2673: result: gawk
configure:2684: checking whether make sets $(MAKE)
configure:2706: result: yes
configure:2735: checking whether make supports nested variables
configure:2752: result: yes
configure:2940: checking for g++
configure:2956: found /usr/bin/g++
configure:2967: result: g++
configure:2994: checking for C++ compiler version
configure:3003: g++ --version >&5
g++ (Ubuntu 4.8.4-2ubuntu1~14.04) 4.8.4
Copyright (C) 2013 Free Software Foundation, Inc.
This is free software; see the source for copying conditions.  There is NO
warranty; not even for MERCHANTABILITY or FITNESS FOR A PARTICULAR PURPOSE.

configure:3014: $? = 0
configure:3003: g++ -v >&5
Using built-in specs.
COLLECT_GCC=g++
COLLECT_LTO_WRAPPER=/usr/lib/gcc/x86_64-linux-gnu/4.8/lto-wrapper
Target: x86_64-linux-gnu
Configured with: ../src/configure -v --with-pkgversion='Ubuntu 4.8.4-2ubuntu1~14.04' --with-bugurl=file:///usr/share/doc/gcc-4.8/README.Bugs --enable-languages=c,c++,java,go,d,fortran,objc,obj-c++ --prefix=/usr --program-suffix=-4.8 --enable-shared --enable-linker-build-id --libexecdir=/usr/lib --without-included-gettext --enable-threads=posix --with-gxx-include-dir=/usr/include/c++/4.8 --libdir=/usr/lib --enable-nls --with-sysroot=/ --enable-clocale=gnu --enable-libstdcxx-debug --enable-libstdcxx-time=yes --enable-gnu-unique-object --disable-libmudflap --enable-plugin --with-system-zlib --disable-browser-plugin --enable-java-awt=gtk --enable-gtk-cairo --with-java-home=/usr/lib/jvm/java-1.5.0-gcj-4.8-amd64/jre --enable-java-home --with-jvm-root-dir=/usr/lib/jvm/java-1.5.0-gcj-4.8-amd64 --with-jvm-jar-dir=/usr/lib/jvm-exports/java-1.5.0-gcj-4.8-amd64 --with-arch-directory=amd64 --with-ecj-jar=/usr/share/java/eclipse-ecj.jar --enable-objc-gc --enable-multiarch --disable-werror --with-arch-32=i686 --with-abi=m64 --with-multilib-list=m32,m64,mx32 --with-tune=generic --enable-checking=release --build=x86_64-linux-gnu --host=x86_64-linux-gnu --target=x86_64-linux-gnu
Thread model: posix
gcc version 4.8.4 (Ubuntu 4.8.4-2ubuntu1~14.04) 
configure:3014: $? = 0
configure:3003: g++ -V >&5
g++: error: unrecognized command line option '-V'
g++: fatal error: no input files
compilation terminated.
configure:3014: $? = 4
configure:3003: g++ -qversion >&5
g++: error: unrecognized command line option '-qversion'
g++: fatal error: no input files
compilation terminated.
configure:3014: $? = 4
configure:3034: checking whether the C++ compiler works
configure:3056: g++    conftest.cpp  >&5
configure:3060: $? = 0
configure:3108: result: yes
configure:3111: checking for C++ compiler default output file name
configure:3113: result: a.out
configure:3119: checking for suffix of executables
configure:3126: g++ -o conftest    conftest.cpp  >&5
configure:3130: $? = 0
configure:3152: result: 
configure:3174: checking whether we are cross compiling
configure:3182: g++ -o conftest    conftest.cpp  >&5
configure:3186: $? = 0
configure:3193: ./conftest
configure:3197: $? = 0
configure:3212: result: no
configure:3217: checking for suffix of object files
configure:3239: g++ -c   conftest.cpp >&5
configure:3243: $? = 0
configure:3264: result: o
configure:3268: checking whether we are using the GNU C++ compiler
configure:3287: g++ -c   conftest.cpp >&5
configure:3287: $? = 0
configure:3296: result: yes
configure:3305: checking whether g++ accepts -g
configure:3325: g++ -c -g  conftest.cpp >&5
configure:3325: $? = 0
configure:3366: result: yes
configure:3400: checking for style of include used by make
configure:3428: result: GNU
configure:3454: checking dependency style of g++
configure:3565: result: gcc3
configure:3628: checking for gcc
configure:3644: found /usr/bin/gcc
configure:3655: result: gcc
configure:3884: checking for C compiler version
configure:3893: gcc --version >&5
gcc (Ubuntu 4.8.4-2ubuntu1~14.04) 4.8.4
Copyright (C) 2013 Free Software Foundation, Inc.
This is free software; see the source for copying conditions.  There is NO
warranty; not even for MERCHANTABILITY or FITNESS FOR A PARTICULAR PURPOSE.

configure:3904: $? = 0
configure:3893: gcc -v >&5
Using built-in specs.
COLLECT_GCC=gcc
COLLECT_LTO_WRAPPER=/usr/lib/gcc/x86_64-linux-gnu/4.8/lto-wrapper
Target: x86_64-linux-gnu
Configured with: ../src/configure -v --with-pkgversion='Ubuntu 4.8.4-2ubuntu1~14.04' --with-bugurl=file:///usr/share/doc/gcc-4.8/README.Bugs --enable-languages=c,c++,java,go,d,fortran,objc,obj-c++ --prefix=/usr --program-suffix=-4.8 --enable-shared --enable-linker-build-id --libexecdir=/usr/lib --without-included-gettext --enable-threads=posix --with-gxx-include-dir=/usr/include/c++/4.8 --libdir=/usr/lib --enable-nls --with-sysroot=/ --enable-clocale=gnu --enable-libstdcxx-debug --enable-libstdcxx-time=yes --enable-gnu-unique-object --disable-libmudflap --enable-plugin --with-system-zlib --disable-browser-plugin --enable-java-awt=gtk --enable-gtk-cairo --with-java-home=/usr/lib/jvm/java-1.5.0-gcj-4.8-amd64/jre --enable-java-home --with-jvm-root-dir=/usr/lib/jvm/java-1.5.0-gcj-4.8-amd64 --with-jvm-jar-dir=/usr/lib/jvm-exports/java-1.5.0-gcj-4.8-amd64 --with-arch-directory=amd64 --with-ecj-jar=/usr/share/java/eclipse-ecj.jar --enable-objc-gc --enable-multiarch --disable-werror --with-arch-32=i686 --with-abi=m64 --with-multilib-list=m32,m64,mx32 --with-tune=generic --enable-checking=release --build=x86_64-linux-gnu --host=x86_64-linux-gnu --target=x86_64-linux-gnu
Thread model: posix
gcc version 4.8.4 (Ubuntu 4.8.4-2ubuntu1~14.04) 
configure:3904: $? = 0
configure:3893: gcc -V >&5
gcc: error: unrecognized command line option '-V'
gcc: fatal error: no input files
compilation terminated.
configure:3904: $? = 4
configure:3893: gcc -qversion >&5
gcc: error: unrecognized command line option '-qversion'
gcc: fatal error: no input files
compilation terminated.
configure:3904: $? = 4
configure:3908: checking whether we are using the GNU C compiler
configure:3927: gcc -c   conftest.c >&5
configure:3927: $? = 0
configure:3936: result: yes
configure:3945: checking whether gcc accepts -g
configure:3965: gcc -c -g  conftest.c >&5
configure:3965: $? = 0
configure:4006: result: yes
configure:4023: checking for gcc option to accept ISO C89
configure:4086: gcc  -c -g -O2  conftest.c >&5
configure:4086: $? = 0
configure:4099: result: none needed
configure:4124: checking whether gcc understands -c and -o together
configure:4146: gcc -c conftest.c -o conftest2.o
configure:4149: $? = 0
configure:4146: gcc -c conftest.c -o conftest2.o
configure:4149: $? = 0
configure:4161: result: yes
configure:4180: checking dependency style of gcc
configure:4291: result: gcc3
configure:4352: checking for sdl-config
configure:4370: found /usr/bin/sdl-config
configure:4383: result: /usr/bin/sdl-config
configure:4393: checking for SDL - version >= 1.2.0
configure:4480: gcc -o conftest -g -O2 -I/usr/include/SDL -D_GNU_SOURCE=1 -D_REENTRANT   conftest.c  -L/usr/lib/x86_64-linux-gnu -lSDL >&5
configure:4480: $? = 0
configure:4480: ./conftest
configure:4480: $? = 0
configure:4495: result: yes
configure:4572: checking for main in -lSDL
configure:4591: gcc -o conftest -g -O2 -I/usr/include/SDL -D_GNU_SOURCE=1 -D_REENTRANT   conftest.c -lSDL   -L/usr/lib/x86_64-linux-gnu -lSDL >&5
configure:4591: $? = 0
configure:4600: result: yes
configure:4612: checking for main in -lSDL_image
configure:4631: gcc -o conftest -g -O2 -I/usr/include/SDL -D_GNU_SOURCE=1 -D_REENTRANT   conftest.c -lSDL_image  -lSDL  -L/usr/lib/x86_64-linux-gnu -lSDL >&5
configure:4631: $? = 0
configure:4640: result: yes
configure:4652: checking for main in -lcryptopp
configure:4671: gcc -o conftest -g -O2 -I/usr/include/SDL -D_GNU_SOURCE=1 -D_REENTRANT   conftest.c -lcryptopp  -lSDL_image -lSDL  -L/usr/lib/x86_64-linux-gnu -lSDL >&5
configure:4671: $? = 0
configure:4680: result: yes
configure:4692: checking for main in -lpcap
configure:4711: gcc -o conftest -g -O2 -I/usr/include/SDL -D_GNU_SOURCE=1 -D_REENTRANT   conftest.c -lpcap  -lcryptopp -lSDL_image -lSDL  -L/usr/lib/x86_64-linux-gnu -lSDL >&5
configure:4711: $? = 0
configure:4720: result: yes
configure:4732: checking for FcInit in -lfontconfig
configure:4757: gcc -o conftest -g -O2 -I/usr/include/SDL -D_GNU_SOURCE=1 -D_REENTRANT   conftest.c -lfontconfig  -lpcap -lcryptopp -lSDL_image -lSDL  -L/usr/lib/x86_64-linux-gnu -lSDL >&5
configure:4757: $? = 0
configure:4766: result: yes
configure:4824: checking for freetype-config
configure:4842: found /usr/bin/freetype-config
configure:4855: result: /usr/bin/freetype-config
configure:4866: checking for FreeType -- version >= 7.0.1
configure:4947: gcc -o conftest -g -O2 -I/usr/include/SDL -D_GNU_SOURCE=1 -D_REENTRANT -I/usr/include/freetype2   conftest.c -L/usr/lib/x86_64-linux-gnu -lfreetype -lz -lpng12 -lfontconfig -lpcap -lcryptopp -lSDL_image -lSDL  -L/usr/lib/x86_64-linux-gnu -lSDL >&5
configure:4947: $? = 0
configure:4947: ./conftest
configure:4947: $? = 0
configure:4964: result: yes
configure:5054: checking how to run the C preprocessor
configure:5085: gcc -E  conftest.c
configure:5085: $? = 0
configure:5099: gcc -E  conftest.c
conftest.c:16:28: fatal error: ac_nonexistent.h: No such file or directory
 #include <ac_nonexistent.h>
                            ^
compilation terminated.
configure:5099: $? = 1
configure: failed program was:
| /* confdefs.h */
| #define PACKAGE_NAME "OIP"
| #define PACKAGE_TARNAME "oip"
| #define PACKAGE_VERSION "0.05"
| #define PACKAGE_STRING "OIP 0.05"
| #define PACKAGE_BUGREPORT "rian dot shelley at usu dot edu"
| #define PACKAGE_URL ""
| #define PACKAGE "oip"
| #define VERSION "0.05"
| #define HAVE_LIBSDL 1
| #define HAVE_LIBSDL_IMAGE 1
| #define HAVE_LIBCRYPTOPP 1
| #define HAVE_LIBPCAP 1
| #define HAVE_LIBFONTCONFIG 1
| /* end confdefs.h.  */
| #include <ac_nonexistent.h>
configure:5124: result: gcc -E
configure:5144: gcc -E  conftest.c
configure:5144: $? = 0
configure:5158: gcc -E  conftest.c
conftest.c:16:28: fatal error: ac_nonexistent.h: No such file or directory
 #include <ac_nonexistent.h>
                            ^
compilation terminated.
configure:5158: $? = 1
configure: failed program was:
| /* confdefs.h */
| #define PACKAGE_NAME "OIP"
| #define PACKAGE_TARNAME "oip"
| #define PACKAGE_VERSION "0.05"
| #define PACKAGE_STRING "OIP 0.05"
| #define PACKAGE_BUGREPORT "rian dot shelley at usu dot edu"
| #define PACKAGE_URL ""
| #define PACKAGE "oip"
| #define VERSION "0.05"
| #define HAVE_LIBSDL 1
| #define HAVE_LIBSDL_IMAGE 1
| #define HAVE_LIBCRYPTOPP 1
| #define HAVE_LIBPCAP 1
| #define HAVE_LIBFONTCONFIG 1
| /* end confdefs.h.  */
| #include <ac_nonexistent.h>
configure:5187: checking for grep that handles long lines and -e
configure:5245: result: /bin/grep
configure:5250: checking for egrep
configure:5312: result: /bin/grep -E
configure:5317: checking for ANSI C header files
configure:5337: gcc -c -g -O2 -I/usr/include/SDL -D_GNU_SOURCE=1 -D_REENTRANT  conftest.c >&5
configure:5337: $? = 0
configure:5410: gcc -o conftest -g -O2 -I/usr/include/SDL -D_GNU_SOURCE=1 -D_REENTRANT   conftest.c -lfontconfig -lpcap -lcryptopp -lSDL_image -lSDL  -L/usr/lib/x86_64-linux-gnu -lSDL >&5
configure:5410: $? = 0
configure:5410: ./conftest
configure:5410: $? = 0
configure:5421: result: yes
configure:5434: checking for sys/types.h
configure:5434: gcc -c -g -O2 -I/usr/include/SDL -D_GNU_SOURCE=1 -D_REENTRANT  conftest.c >&5
configure:5434: $? = 0
configure:5434: result: yes
configure:5434: checking for sys/stat.h
configure:5434: gcc -c -g -O2 -I/usr/include/SDL -D_GNU_SOURCE=1 -D_REENTRANT  conftest.c >&5
configure:5434: $? = 0
configure:5434: result: yes
configure:5434: checking for stdlib.h
configure:5434: gcc -c -g -O2 -I/usr/include/SDL -D_GNU_SOURCE=1 -D_REENTRANT  conftest.c >&5
configure:5434: $? = 0
configure:5434: result: yes
configure:5434: checking for string.h
configure:5434: gcc -c -g -O2 -I/usr/include/SDL -D_GNU_SOURCE=1 -D_REENTRANT  conftest.c >&5
configure:5434: $? = 0
configure:5434: result: yes
configure:5434: checking for memory.h
configure:5434: gcc -c -g -O2 -I/usr/include/SDL -D_GNU_SOURCE=1 -D_REENTRANT  conftest.c >&5
configure:5434: $? = 0
configure:5434: result: yes
configure:5434: checking for strings.h
configure:5434: gcc -c -g -O2 -I/usr/include/SDL -D_GNU_SOURCE=1 -D_REENTRANT  conftest.c >&5
configure:5434: $? = 0
configure:5434: result: yes
configure:5434: checking for inttypes.h
configure:5434: gcc -c -g -O2 -I/usr/include/SDL -D_GNU_SOURCE=1 -D_REENTRANT  conftest.c >&5
configure:5434: $? = 0
configure:5434: result: yes
configure:5434: checking for stdint.h
configure:5434: gcc -c -g -O2 -I/usr/include/SDL -D_GNU_SOURCE=1 -D_REENTRANT  conftest.c >&5
configure:5434: $? = 0
configure:5434: result: yes
configure:5434: checking for unistd.h
configure:5434: gcc -c -g -O2 -I/usr/include/SDL -D_GNU_SOURCE=1 -D_REENTRANT  conftest.c >&5
configure:5434: $? = 0
configure:5434: result: yes
configure:5449: checking arpa/inet.h usability
configure:5449: gcc -c -g -O2 -I/usr/include/SDL -D_GNU_SOURCE=1 -D_REENTRANT  conftest.c >&5
configure:5449: $? = 0
configure:5449: result: yes
configure:5449: checking arpa/inet.h presence
configure:5449: gcc -E  conftest.c
configure:5449: $? = 0
configure:5449: result: yes
configure:5449: checking for arpa/inet.h
configure:5449: result: yes
configure:5449: checking netdb.h usability
configure:5449: gcc -c -g -O2 -I/usr/include/SDL -D_GNU_SOURCE=1 -D_REENTRANT  conftest.c >&5
configure:5449: $? = 0
configure:5449: result: yes
configure:5449: checking netdb.h presence
configure:5449: gcc -E  conftest.c
configure:5449: $? = 0
configure:5449: result: yes
configure:5449: checking for netdb.h
configure:5449: result: yes
configure:5449: checking for stdlib.h
configure:5449: result: yes
configure:5449: checking for string.h
configure:5449: result: yes
configure:5449: checking sys/socket.h usability
configure:5449: gcc -c -g -O2 -I/usr/include/SDL -D_GNU_SOURCE=1 -D_REENTRANT  conftest.c >&5
configure:5449: $? = 0
configure:5449: result: yes
configure:5449: checking sys/socket.h presence
configure:5449: gcc -E  conftest.c
configure:5449: $? = 0
configure:5449: result: yes
configure:5449: checking for sys/socket.h
configure:5449: result: yes
configure:5449: checking sys/time.h usability
configure:5449: gcc -c -g -O2 -I/usr/include/SDL -D_GNU_SOURCE=1 -D_REENTRANT  conftest.c >&5
configure:5449: $? = 0
configure:5449: result: yes
configure:5449: checking sys/time.h presence
configure:5449: gcc -E  conftest.c
configure:5449: $? = 0
configure:5449: result: yes
configure:5449: checking for sys/time.h
configure:5449: result: yes
configure:5461: checking for stdbool.h that conforms to C99
configure:5528: gcc -c -g -O2 -I/usr/include/SDL -D_GNU_SOURCE=1 -D_REENTRANT  conftest.c >&5
configure:5528: $? = 0
configure:5535: result: yes
configure:5537: checking for _Bool
configure:5537: gcc -c -g -O2 -I/usr/include/SDL -D_GNU_SOURCE=1 -D_REENTRANT  conftest.c >&5
configure:5537: $? = 0
configure:5537: gcc -c -g -O2 -I/usr/include/SDL -D_GNU_SOURCE=1 -D_REENTRANT  conftest.c >&5
conftest.c: In function 'main':
conftest.c:68:20: error: expected expression before ')' token
 if (sizeof ((_Bool)))
                    ^
configure:5537: $? = 1
configure: failed program was:
| /* confdefs.h */
| #define PACKAGE_NAME "OIP"
| #define PACKAGE_TARNAME "oip"
| #define PACKAGE_VERSION "0.05"
| #define PACKAGE_STRING "OIP 0.05"
| #define PACKAGE_BUGREPORT "rian dot shelley at usu dot edu"
| #define PACKAGE_URL ""
| #define PACKAGE "oip"
| #define VERSION "0.05"
| #define HAVE_LIBSDL 1
| #define HAVE_LIBSDL_IMAGE 1
| #define HAVE_LIBCRYPTOPP 1
| #define HAVE_LIBPCAP 1
| #define HAVE_LIBFONTCONFIG 1
| #define STDC_HEADERS 1
| #define HAVE_SYS_TYPES_H 1
| #define HAVE_SYS_STAT_H 1
| #define HAVE_STDLIB_H 1
| #define HAVE_STRING_H 1
| #define HAVE_MEMORY_H 1
| #define HAVE_STRINGS_H 1
| #define HAVE_INTTYPES_H 1
| #define HAVE_STDINT_H 1
| #define HAVE_UNISTD_H 1
| #define HAVE_ARPA_INET_H 1
| #define HAVE_NETDB_H 1
| #define HAVE_STDLIB_H 1
| #define HAVE_STRING_H 1
| #define HAVE_SYS_SOCKET_H 1
| #define HAVE_SYS_TIME_H 1
| /* end confdefs.h.  */
| #include <stdio.h>
| #ifdef HAVE_SYS_TYPES_H
| # include <sys/types.h>
| #endif
| #ifdef HAVE_SYS_STAT_H
| # include <sys/stat.h>
| #endif
| #ifdef STDC_HEADERS
| # include <stdlib.h>
| # include <stddef.h>
| #else
| # ifdef HAVE_STDLIB_H
| #  include <stdlib.h>
| # endif
| #endif
| #ifdef HAVE_STRING_H
| # if !defined STDC_HEADERS && defined HAVE_MEMORY_H
| #  include <memory.h>
| # endif
| # include <string.h>
| #endif
| #ifdef HAVE_STRINGS_H
| # include <strings.h>
| #endif
| #ifdef HAVE_INTTYPES_H
| # include <inttypes.h>
| #endif
| #ifdef HAVE_STDINT_H
| # include <stdint.h>
| #endif
| #ifdef HAVE_UNISTD_H
| # include <unistd.h>
| #endif
| int
| main ()
| {
| if (sizeof ((_Bool)))
| 	    return 0;
|   ;
|   return 0;
| }
configure:5537: result: yes
configure:5554: checking for an ANSI C-conforming const
configure:5620: gcc -c -g -O2 -I/usr/include/SDL -D_GNU_SOURCE=1 -D_REENTRANT  conftest.c >&5
configure:5620: $? = 0
configure:5627: result: yes
configure:5635: checking for inline
configure:5651: gcc -c -g -O2 -I/usr/include/SDL -D_GNU_SOURCE=1 -D_REENTRANT  conftest.c >&5
configure:5651: $? = 0
configure:5659: result: inline
configure:5677: checking for size_t
configure:5677: gcc -c -g -O2 -I/usr/include/SDL -D_GNU_SOURCE=1 -D_REENTRANT  conftest.c >&5
configure:5677: $? = 0
configure:5677: gcc -c -g -O2 -I/usr/include/SDL -D_GNU_SOURCE=1 -D_REENTRANT  conftest.c >&5
conftest.c: In function 'main':
conftest.c:70:21: error: expected expression before ')' token
 if (sizeof ((size_t)))
                     ^
configure:5677: $? = 1
configure: failed program was:
| /* confdefs.h */
| #define PACKAGE_NAME "OIP"
| #define PACKAGE_TARNAME "oip"
| #define PACKAGE_VERSION "0.05"
| #define PACKAGE_STRING "OIP 0.05"
| #define PACKAGE_BUGREPORT "rian dot shelley at usu dot edu"
| #define PACKAGE_URL ""
| #define PACKAGE "oip"
| #define VERSION "0.05"
| #define HAVE_LIBSDL 1
| #define HAVE_LIBSDL_IMAGE 1
| #define HAVE_LIBCRYPTOPP 1
| #define HAVE_LIBPCAP 1
| #define HAVE_LIBFONTCONFIG 1
| #define STDC_HEADERS 1
| #define HAVE_SYS_TYPES_H 1
| #define HAVE_SYS_STAT_H 1
| #define HAVE_STDLIB_H 1
| #define HAVE_STRING_H 1
| #define HAVE_MEMORY_H 1
| #define HAVE_STRINGS_H 1
| #define HAVE_INTTYPES_H 1
| #define HAVE_STDINT_H 1
| #define HAVE_UNISTD_H 1
| #define HAVE_ARPA_INET_H 1
| #define HAVE_NETDB_H 1
| #define HAVE_STDLIB_H 1
| #define HAVE_STRING_H 1
| #define HAVE_SYS_SOCKET_H 1
| #define HAVE_SYS_TIME_H 1
| #define HAVE__BOOL 1
| #define HAVE_STDBOOL_H 1
| /* end confdefs.h.  */
| #include <stdio.h>
| #ifdef HAVE_SYS_TYPES_H
| # include <sys/types.h>
| #endif
| #ifdef HAVE_SYS_STAT_H
| # include <sys/stat.h>
| #endif
| #ifdef STDC_HEADERS
| # include <stdlib.h>
| # include <stddef.h>
| #else
| # ifdef HAVE_STDLIB_H
| #  include <stdlib.h>
| # endif
| #endif
| #ifdef HAVE_STRING_H
| # if !defined STDC_HEADERS && defined HAVE_MEMORY_H
| #  include <memory.h>
| # endif
| # include <string.h>
| #endif
| #ifdef HAVE_STRINGS_H
| # include <strings.h>
| #endif
| #ifdef HAVE_INTTYPES_H
| # include <inttypes.h>
| #endif
| #ifdef HAVE_STDINT_H
| # include <stdint.h>
| #endif
| #ifdef HAVE_UNISTD_H
| # include <unistd.h>
| #endif
| int
| main ()
| {
| if (sizeof ((size_t)))
| 	    return 0;
|   ;
|   return 0;
| }
configure:5677: result: yes
configure:5688: checking whether time.h and sys/time.h may both be included
configure:5708: gcc -c -g -O2 -I/usr/include/SDL -D_GNU_SOURCE=1 -D_REENTRANT  conftest.c >&5
configure:5708: $? = 0
configure:5715: result: yes
configure:5725: checking for error_at_line
configure:5741: gcc -o conftest -g -O2 -I/usr/include/SDL -D_GNU_SOURCE=1 -D_REENTRANT   conftest.c -lfontconfig -lpcap -lcryptopp -lSDL_image -lSDL  -L/usr/lib/x86_64-linux-gnu -lSDL >&5
configure:5741: $? = 0
configure:5749: result: yes
configure:5760: checking for pid_t
configure:5760: gcc -c -g -O2 -I/usr/include/SDL -D_GNU_SOURCE=1 -D_REENTRANT  conftest.c >&5
configure:5760: $? = 0
configure:5760: gcc -c -g -O2 -I/usr/include/SDL -D_GNU_SOURCE=1 -D_REENTRANT  conftest.c >&5
conftest.c: In function 'main':
conftest.c:71:20: error: expected expression before ')' token
 if (sizeof ((pid_t)))
                    ^
configure:5760: $? = 1
configure: failed program was:
| /* confdefs.h */
| #define PACKAGE_NAME "OIP"
| #define PACKAGE_TARNAME "oip"
| #define PACKAGE_VERSION "0.05"
| #define PACKAGE_STRING "OIP 0.05"
| #define PACKAGE_BUGREPORT "rian dot shelley at usu dot edu"
| #define PACKAGE_URL ""
| #define PACKAGE "oip"
| #define VERSION "0.05"
| #define HAVE_LIBSDL 1
| #define HAVE_LIBSDL_IMAGE 1
| #define HAVE_LIBCRYPTOPP 1
| #define HAVE_LIBPCAP 1
| #define HAVE_LIBFONTCONFIG 1
| #define STDC_HEADERS 1
| #define HAVE_SYS_TYPES_H 1
| #define HAVE_SYS_STAT_H 1
| #define HAVE_STDLIB_H 1
| #define HAVE_STRING_H 1
| #define HAVE_MEMORY_H 1
| #define HAVE_STRINGS_H 1
| #define HAVE_INTTYPES_H 1
| #define HAVE_STDINT_H 1
| #define HAVE_UNISTD_H 1
| #define HAVE_ARPA_INET_H 1
| #define HAVE_NETDB_H 1
| #define HAVE_STDLIB_H 1
| #define HAVE_STRING_H 1
| #define HAVE_SYS_SOCKET_H 1
| #define HAVE_SYS_TIME_H 1
| #define HAVE__BOOL 1
| #define HAVE_STDBOOL_H 1
| #define TIME_WITH_SYS_TIME 1
| /* end confdefs.h.  */
| #include <stdio.h>
| #ifdef HAVE_SYS_TYPES_H
| # include <sys/types.h>
| #endif
| #ifdef HAVE_SYS_STAT_H
| # include <sys/stat.h>
| #endif
| #ifdef STDC_HEADERS
| # include <stdlib.h>
| # include <stddef.h>
| #else
| # ifdef HAVE_STDLIB_H
| #  include <stdlib.h>
| # endif
| #endif
| #ifdef HAVE_STRING_H
| # if !defined STDC_HEADERS && defined HAVE_MEMORY_H
| #  include <memory.h>
| # endif
| # include <string.h>
| #endif
| #ifdef HAVE_STRINGS_H
| # include <strings.h>
| #endif
| #ifdef HAVE_INTTYPES_H
| # include <inttypes.h>
| #endif
| #ifdef HAVE_STDINT_H
| # include <stdint.h>
| #endif
| #ifdef HAVE_UNISTD_H
| # include <unistd.h>
| #endif
| int
| main ()
| {
| if (sizeof ((pid_t)))
| 	    return 0;
|   ;
|   return 0;
| }
configure:5760: result: yes
configure:5773: checking vfork.h usability
configure:5773: gcc -c -g -O2 -I/usr/include/SDL -D_GNU_SOURCE=1 -D_REENTRANT  conftest.c >&5
conftest.c:68:19: fatal error: vfork.h: No such file or directory
 #include <vfork.h>
                   ^
compilation terminated.
configure:5773: $? = 1
configure: failed program was:
| /* confdefs.h */
| #define PACKAGE_NAME "OIP"
| #define PACKAGE_TARNAME "oip"
| #define PACKAGE_VERSION "0.05"
| #define PACKAGE_STRING "OIP 0.05"
| #define PACKAGE_BUGREPORT "rian dot shelley at usu dot edu"
| #define PACKAGE_URL ""
| #define PACKAGE "oip"
| #define VERSION "0.05"
| #define HAVE_LIBSDL 1
| #define HAVE_LIBSDL_IMAGE 1
| #define HAVE_LIBCRYPTOPP 1
| #define HAVE_LIBPCAP 1
| #define HAVE_LIBFONTCONFIG 1
| #define STDC_HEADERS 1
| #define HAVE_SYS_TYPES_H 1
| #define HAVE_SYS_STAT_H 1
| #define HAVE_STDLIB_H 1
| #define HAVE_STRING_H 1
| #define HAVE_MEMORY_H 1
| #define HAVE_STRINGS_H 1
| #define HAVE_INTTYPES_H 1
| #define HAVE_STDINT_H 1
| #define HAVE_UNISTD_H 1
| #define HAVE_ARPA_INET_H 1
| #define HAVE_NETDB_H 1
| #define HAVE_STDLIB_H 1
| #define HAVE_STRING_H 1
| #define HAVE_SYS_SOCKET_H 1
| #define HAVE_SYS_TIME_H 1
| #define HAVE__BOOL 1
| #define HAVE_STDBOOL_H 1
| #define TIME_WITH_SYS_TIME 1
| /* end confdefs.h.  */
| #include <stdio.h>
| #ifdef HAVE_SYS_TYPES_H
| # include <sys/types.h>
| #endif
| #ifdef HAVE_SYS_STAT_H
| # include <sys/stat.h>
| #endif
| #ifdef STDC_HEADERS
| # include <stdlib.h>
| # include <stddef.h>
| #else
| # ifdef HAVE_STDLIB_H
| #  include <stdlib.h>
| # endif
| #endif
| #ifdef HAVE_STRING_H
| # if !defined STDC_HEADERS && defined HAVE_MEMORY_H
| #  include <memory.h>
| # endif
| # include <string.h>
| #endif
| #ifdef HAVE_STRINGS_H
| # include <strings.h>
| #endif
| #ifdef HAVE_INTTYPES_H
| # include <inttypes.h>
| #endif
| #ifdef HAVE_STDINT_H
| # include <stdint.h>
| #endif
| #ifdef HAVE_UNISTD_H
| # include <unistd.h>
| #endif
| #include <vfork.h>
configure:5773: result: no
configure:5773: checking vfork.h presence
configure:5773: gcc -E  conftest.c
conftest.c:35:19: fatal error: vfork.h: No such file or directory
 #include <vfork.h>
                   ^
compilation terminated.
configure:5773: $? = 1
configure: failed program was:
| /* confdefs.h */
| #define PACKAGE_NAME "OIP"
| #define PACKAGE_TARNAME "oip"
| #define PACKAGE_VERSION "0.05"
| #define PACKAGE_STRING "OIP 0.05"
| #define PACKAGE_BUGREPORT "rian dot shelley at usu dot edu"
| #define PACKAGE_URL ""
| #define PACKAGE "oip"
| #define VERSION "0.05"
| #define HAVE_LIBSDL 1
| #define HAVE_LIBSDL_IMAGE 1
| #define HAVE_LIBCRYPTOPP 1
| #define HAVE_LIBPCAP 1
| #define HAVE_LIBFONTCONFIG 1
| #define STDC_HEADERS 1
| #define HAVE_SYS_TYPES_H 1
| #define HAVE_SYS_STAT_H 1
| #define HAVE_STDLIB_H 1
| #define HAVE_STRING_H 1
| #define HAVE_MEMORY_H 1
| #define HAVE_STRINGS_H 1
| #define HAVE_INTTYPES_H 1
| #define HAVE_STDINT_H 1
| #define HAVE_UNISTD_H 1
| #define HAVE_ARPA_INET_H 1
| #define HAVE_NETDB_H 1
| #define HAVE_STDLIB_H 1
| #define HAVE_STRING_H 1
| #define HAVE_SYS_SOCKET_H 1
| #define HAVE_SYS_TIME_H 1
| #define HAVE__BOOL 1
| #define HAVE_STDBOOL_H 1
| #define TIME_WITH_SYS_TIME 1
| /* end confdefs.h.  */
| #include <vfork.h>
configure:5773: result: no
configure:5773: checking for vfork.h
configure:5773: result: no
configure:5786: checking for fork
configure:5786: gcc -o conftest -g -O2 -I/usr/include/SDL -D_GNU_SOURCE=1 -D_REENTRANT   conftest.c -lfontconfig -lpcap -lcryptopp -lSDL_image -lSDL  -L/usr/lib/x86_64-linux-gnu -lSDL >&5
conftest.c:58:6: warning: conflicting types for built-in function 'fork' [enabled by default]
 char fork ();
      ^
configure:5786: $? = 0
configure:5786: result: yes
configure:5786: checking for vfork
configure:5786: gcc -o conftest -g -O2 -I/usr/include/SDL -D_GNU_SOURCE=1 -D_REENTRANT   conftest.c -lfontconfig -lpcap -lcryptopp -lSDL_image -lSDL  -L/usr/lib/x86_64-linux-gnu -lSDL >&5
configure:5786: $? = 0
configure:5786: result: yes
configure:5796: checking for working fork
configure:5818: gcc -o conftest -g -O2 -I/usr/include/SDL -D_GNU_SOURCE=1 -D_REENTRANT   conftest.c -lfontconfig -lpcap -lcryptopp -lSDL_image -lSDL  -L/usr/lib/x86_64-linux-gnu -lSDL >&5
configure:5818: $? = 0
configure:5818: ./conftest
configure:5818: $? = 0
configure:5828: result: yes
configure:5849: checking for working vfork
configure:5959: result: yes
configure:5987: checking sys/select.h usability
configure:5987: gcc -c -g -O2 -I/usr/include/SDL -D_GNU_SOURCE=1 -D_REENTRANT  conftest.c >&5
configure:5987: $? = 0
configure:5987: result: yes
configure:5987: checking sys/select.h presence
configure:5987: gcc -E  conftest.c
configure:5987: $? = 0
configure:5987: result: yes
configure:5987: checking for sys/select.h
configure:5987: result: yes
configure:5987: checking for sys/socket.h
configure:5987: result: yes
configure:5997: checking types of arguments for select
configure:6025: gcc -c -g -O2 -I/usr/include/SDL -D_GNU_SOURCE=1 -D_REENTRANT  conftest.c >&5
configure:6025: $? = 0
configure:6036: result: int,fd_set *,struct timeval *
configure:6059: checking return type of signal handlers
configure:6077: gcc -c -g -O2 -I/usr/include/SDL -D_GNU_SOURCE=1 -D_REENTRANT  conftest.c >&5
conftest.c: In function 'main':
conftest.c:50:1: error: void value not ignored as it ought to be
 return *(signal (0, 0)) (0) == 1;
 ^
configure:6077: $? = 1
configure: failed program was:
| /* confdefs.h */
| #define PACKAGE_NAME "OIP"
| #define PACKAGE_TARNAME "oip"
| #define PACKAGE_VERSION "0.05"
| #define PACKAGE_STRING "OIP 0.05"
| #define PACKAGE_BUGREPORT "rian dot shelley at usu dot edu"
| #define PACKAGE_URL ""
| #define PACKAGE "oip"
| #define VERSION "0.05"
| #define HAVE_LIBSDL 1
| #define HAVE_LIBSDL_IMAGE 1
| #define HAVE_LIBCRYPTOPP 1
| #define HAVE_LIBPCAP 1
| #define HAVE_LIBFONTCONFIG 1
| #define STDC_HEADERS 1
| #define HAVE_SYS_TYPES_H 1
| #define HAVE_SYS_STAT_H 1
| #define HAVE_STDLIB_H 1
| #define HAVE_STRING_H 1
| #define HAVE_MEMORY_H 1
| #define HAVE_STRINGS_H 1
| #define HAVE_INTTYPES_H 1
| #define HAVE_STDINT_H 1
| #define HAVE_UNISTD_H 1
| #define HAVE_ARPA_INET_H 1
| #define HAVE_NETDB_H 1
| #define HAVE_STDLIB_H 1
| #define HAVE_STRING_H 1
| #define HAVE_SYS_SOCKET_H 1
| #define HAVE_SYS_TIME_H 1
| #define HAVE__BOOL 1
| #define HAVE_STDBOOL_H 1
| #define TIME_WITH_SYS_TIME 1
| #define HAVE_FORK 1
| #define HAVE_VFORK 1
| #define HAVE_WORKING_VFORK 1
| #define HAVE_WORKING_FORK 1
| #define HAVE_SYS_SELECT_H 1
| #define HAVE_SYS_SOCKET_H 1
| #define SELECT_TYPE_ARG1 int
| #define SELECT_TYPE_ARG234 (fd_set *)
| #define SELECT_TYPE_ARG5 (struct timeval *)
| /* end confdefs.h.  */
| #include <sys/types.h>
| #include <signal.h>
| 
| int
| main ()
| {
| return *(signal (0, 0)) (0) == 1;
|   ;
|   return 0;
| }
configure:6084: result: void
configure:6095: checking for atexit
configure:6095: gcc -o conftest -g -O2 -I/usr/include/SDL -D_GNU_SOURCE=1 -D_REENTRANT   conftest.c -lfontconfig -lpcap -lcryptopp -lSDL_image -lSDL  -L/usr/lib/x86_64-linux-gnu -lSDL >&5
configure:6095: $? = 0
configure:6095: result: yes
configure:6095: checking for gethostbyaddr
configure:6095: gcc -o conftest -g -O2 -I/usr/include/SDL -D_GNU_SOURCE=1 -D_REENTRANT   conftest.c -lfontconfig -lpcap -lcryptopp -lSDL_image -lSDL  -L/usr/lib/x86_64-linux-gnu -lSDL >&5
configure:6095: $? = 0
configure:6095: result: yes
configure:6095: checking for gethostbyname
configure:6095: gcc -o conftest -g -O2 -I/usr/include/SDL -D_GNU_SOURCE=1 -D_REENTRANT   conftest.c -lfontconfig -lpcap -lcryptopp -lSDL_image -lSDL  -L/usr/lib/x86_64-linux-gnu -lSDL >&5
configure:6095: $? = 0
configure:6095: result: yes
configure:6095: checking for gettimeofday
configure:6095: gcc -o conftest -g -O2 -I/usr/include/SDL -D_GNU_SOURCE=1 -D_REENTRANT   conftest.c -lfontconfig -lpcap -lcryptopp -lSDL_image -lSDL  -L/usr/lib/x86_64-linux-gnu -lSDL >&5
configure:6095: $? = 0
configure:6095: result: yes
configure:6095: checking for memset
configure:6095: gcc -o conftest -g -O2 -I/usr/include/SDL -D_GNU_SOURCE=1 -D_REENTRANT   conftest.c -lfontconfig -lpcap -lcryptopp -lSDL_image -lSDL  -L/usr/lib/x86_64-linux-gnu -lSDL >&5
conftest.c:72:6: warning: conflicting types for built-in function 'memset' [enabled by default]
 char memset ();
      ^
configure:6095: $? = 0
configure:6095: result: yes
configure:6095: checking for select
configure:6095: gcc -o conftest -g -O2 -I/usr/include/SDL -D_GNU_SOURCE=1 -D_REENTRANT   conftest.c -lfontconfig -lpcap -lcryptopp -lSDL_image -lSDL  -L/usr/lib/x86_64-linux-gnu -lSDL >&5
configure:6095: $? = 0
configure:6095: result: yes
configure:6095: checking for socket
configure:6095: gcc -o conftest -g -O2 -I/usr/include/SDL -D_GNU_SOURCE=1 -D_REENTRANT   conftest.c -lfontconfig -lpcap -lcryptopp -lSDL_image -lSDL  -L/usr/lib/x86_64-linux-gnu -lSDL >&5
configure:6095: $? = 0
configure:6095: result: yes
configure:6215: checking that generated files are newer than configure
configure:6221: result: done
configure:6248: creating ./config.status

## ---------------------- ##
## Running config.status. ##
## ---------------------- ##

This file was extended by OIP config.status 0.05, which was
generated by GNU Autoconf 2.69.  Invocation command line was

  CONFIG_FILES    = 
  CONFIG_HEADERS  = 
  CONFIG_LINKS    = 
  CONFIG_COMMANDS = 
  $ ./config.status 

on sfink-Ubuntu

config.status:895: creating Makefile
config.status:895: creating config.h
config.status:1124: executing depfiles commands

## ---------------- ##
## Cache variables. ##
## ---------------- ##

ac_cv_c_compiler_gnu=yes
ac_cv_c_const=yes
ac_cv_c_inline=inline
ac_cv_cxx_compiler_gnu=yes
ac_cv_env_CCC_set=
ac_cv_env_CCC_value=
ac_cv_env_CC_set=
ac_cv_env_CC_value=
ac_cv_env_CFLAGS_set=
ac_cv_env_CFLAGS_value=
ac_cv_env_CPPFLAGS_set=
ac_cv_env_CPPFLAGS_value=
ac_cv_env_CPP_set=
ac_cv_env_CPP_value=
ac_cv_env_CXXFLAGS_set=
ac_cv_env_CXXFLAGS_value=
ac_cv_env_CXX_set=
ac_cv_env_CXX_value=
ac_cv_env_LDFLAGS_set=
ac_cv_env_LDFLAGS_value=
ac_cv_env_LIBS_set=
ac_cv_env_LIBS_value=
ac_cv_env_build_alias_set=
ac_cv_env_build_alias_value=
ac_cv_env_host_alias_set=
ac_cv_env_host_alias_value=
ac_cv_env_target_alias_set=
ac_cv_env_target_alias_value=
ac_cv_func_atexit=yes
ac_cv_func_fork=yes
ac_cv_func_fork_works=yes
ac_cv_func_gethostbyaddr=yes
ac_cv_func_gethostbyname=yes
ac_cv_func_gettimeofday=yes
ac_cv_func_memset=yes
ac_cv_func_select=yes
ac_cv_func_select_args='int,fd_set *,struct timeval *'
ac_cv_func_socket=yes
ac_cv_func_vfork=yes
ac_cv_func_vfork_works=yes
ac_cv_header_arpa_inet_h=yes
ac_cv_header_inttypes_h=yes
ac_cv_header_memory_h=yes
ac_cv_header_netdb_h=yes
ac_cv_header_stdbool_h=yes
ac_cv_header_stdc=yes
ac_cv_header_stdint_h=yes
ac_cv_header_stdlib_h=yes
ac_cv_header_string_h=yes
ac_cv_header_strings_h=yes
ac_cv_header_sys_select_h=yes
ac_cv_header_sys_socket_h=yes
ac_cv_header_sys_stat_h=yes
ac_cv_header_sys_time_h=yes
ac_cv_header_sys_types_h=yes
ac_cv_header_time=yes
ac_cv_header_unistd_h=yes
ac_cv_header_vfork_h=no
ac_cv_lib_SDL_image_main=yes
ac_cv_lib_SDL_main=yes
ac_cv_lib_cryptopp_main=yes
ac_cv_lib_error_at_line=yes
ac_cv_lib_fontconfig_FcInit=yes
ac_cv_lib_pcap_main=yes
ac_cv_objext=o
ac_cv_path_EGREP='/bin/grep -E'
ac_cv_path_FT2_CONFIG=/usr/bin/freetype-config
ac_cv_path_GREP=/bin/grep
ac_cv_path_SDL_CONFIG=/usr/bin/sdl-config
ac_cv_path_install='/usr/bin/install -c'
ac_cv_path_mkdir=/bin/mkdir
ac_cv_prog_AWK=gawk
ac_cv_prog_CPP='gcc -E'
ac_cv_prog_ac_ct_CC=gcc
ac_cv_prog_ac_ct_CXX=g++
ac_cv_prog_cc_c89=
ac_cv_prog_cc_g=yes
ac_cv_prog_cxx_g=yes
ac_cv_prog_make_make_set=yes
ac_cv_type__Bool=yes
ac_cv_type_pid_t=yes
ac_cv_type_signal=void
ac_cv_type_size_t=yes
am_cv_CC_dependencies_compiler_type=gcc3
am_cv_CXX_dependencies_compiler_type=gcc3
am_cv_make_support_nested_variables=yes
am_cv_prog_cc_c_o=yes

## ----------------- ##
## Output variables. ##
## ----------------- ##

ACLOCAL='${SHELL} /home/sfink/SourceCode/oip/missing aclocal-1.14'
AMDEPBACKSLASH='\'
AMDEP_FALSE='#'
AMDEP_TRUE=''
AMTAR='$${TAR-tar}'
AM_BACKSLASH='\'
AM_DEFAULT_V='$(AM_DEFAULT_VERBOSITY)'
AM_DEFAULT_VERBOSITY='1'
AM_V='$(V)'
AUTOCONF='${SHELL} /home/sfink/SourceCode/oip/missing autoconf'
AUTOHEADER='${SHELL} /home/sfink/SourceCode/oip/missing autoheader'
AUTOMAKE='${SHELL} /home/sfink/SourceCode/oip/missing automake-1.14'
AWK='gawk'
CC='gcc'
CCDEPMODE='depmode=gcc3'
CFLAGS='-g -O2 -I/usr/include/SDL -D_GNU_SOURCE=1 -D_REENTRANT'
CPP='gcc -E'
CPPFLAGS=''
CXX='g++'
CXXDEPMODE='depmode=gcc3'
CXXFLAGS='-g -O2 -I/usr/include/SDL -D_GNU_SOURCE=1 -D_REENTRANT'
CYGPATH_W='echo'
DEFS='-DHAVE_CONFIG_H'
DEPDIR='.deps'
ECHO_C=''
ECHO_N='-n'
ECHO_T=''
EGREP='/bin/grep -E'
EXEEXT=''
FT2_CFLAGS='-I/usr/include/freetype2'
FT2_CONFIG='/usr/bin/freetype-config'
FT2_LIBS='-L/usr/lib/x86_64-linux-gnu -lfreetype -lz -lpng12'
GREP='/bin/grep'
INSTALL_DATA='${INSTALL} -m 644'
INSTALL_PROGRAM='${INSTALL}'
INSTALL_SCRIPT='${INSTALL}'
INSTALL_STRIP_PROGRAM='$(install_sh) -c -s'
LDFLAGS=''
LIBOBJS=''
LIBS='-lfontconfig -lpcap -lcryptopp -lSDL_image -lSDL  -L/usr/lib/x86_64-linux-gnu -lSDL'
LTLIBOBJS=''
MAKEINFO='${SHELL} /home/sfink/SourceCode/oip/missing makeinfo'
MKDIR_P='/bin/mkdir -p'
OBJEXT='o'
PACKAGE='oip'
PACKAGE_BUGREPORT='rian dot shelley at usu dot edu'
PACKAGE_NAME='OIP'
PACKAGE_STRING='OIP 0.05'
PACKAGE_TARNAME='oip'
PACKAGE_URL=''
PACKAGE_VERSION='0.05'
PATH_SEPARATOR=':'
SDL_CFLAGS='-I/usr/include/SDL -D_GNU_SOURCE=1 -D_REENTRANT'
SDL_CONFIG='/usr/bin/sdl-config'
SDL_LIBS='-L/usr/lib/x86_64-linux-gnu -lSDL'
SET_MAKE=''
SHELL='/bin/bash'
STRIP=''
VERSION='0.05'
ac_ct_CC='gcc'
ac_ct_CXX='g++'
am__EXEEXT_FALSE=''
am__EXEEXT_TRUE='#'
am__fastdepCC_FALSE='#'
am__fastdepCC_TRUE=''
am__fastdepCXX_FALSE='#'
am__fastdepCXX_TRUE=''
am__include='include'
am__isrc=''
am__leading_dot='.'
am__nodep='_no'
am__quote=''
am__tar='$${TAR-tar} chof - "$$tardir"'
am__untar='$${TAR-tar} xf -'
bindir='${exec_prefix}/bin'
build_alias=''
datadir='${datarootdir}'
datarootdir='${prefix}/share'
docdir='${datarootdir}/doc/${PACKAGE_TARNAME}'
dvidir='${docdir}'
exec_prefix='${prefix}'
host_alias=''
htmldir='${docdir}'
includedir='${prefix}/include'
infodir='${datarootdir}/info'
install_sh='${SHELL} /home/sfink/SourceCode/oip/install-sh'
libdir='${exec_prefix}/lib'
libexecdir='${exec_prefix}/libexec'
localedir='${datarootdir}/locale'
localstatedir='${prefix}/var'
mandir='${datarootdir}/man'
mkdir_p='$(MKDIR_P)'
oldincludedir='/usr/include'
pdfdir='${docdir}'
prefix='/usr/local'
program_transform_name='s,x,x,'
psdir='${docdir}'
sbindir='${exec_prefix}/sbin'
sharedstatedir='${prefix}/com'
sysconfdir='${prefix}/etc'
target_alias=''

## ----------- ##
## confdefs.h. ##
## ----------- ##

/* confdefs.h */
#define PACKAGE_NAME "OIP"
#define PACKAGE_TARNAME "oip"
#define PACKAGE_VERSION "0.05"
#define PACKAGE_STRING "OIP 0.05"
#define PACKAGE_BUGREPORT "rian dot shelley at usu dot edu"
#define PACKAGE_URL ""
#define PACKAGE "oip"
#define VERSION "0.05"
#define HAVE_LIBSDL 1
#define HAVE_LIBSDL_IMAGE 1
#define HAVE_LIBCRYPTOPP 1
#define HAVE_LIBPCAP 1
#define HAVE_LIBFONTCONFIG 1
#define STDC_HEADERS 1
#define HAVE_SYS_TYPES_H 1
#define HAVE_SYS_STAT_H 1
#define HAVE_STDLIB_H 1
#define HAVE_STRING_H 1
#define HAVE_MEMORY_H 1
#define HAVE_STRINGS_H 1
#define HAVE_INTTYPES_H 1
#define HAVE_STDINT_H 1
#define HAVE_UNISTD_H 1
#define HAVE_ARPA_INET_H 1
#define HAVE_NETDB_H 1
#define HAVE_STDLIB_H 1
#define HAVE_STRING_H 1
#define HAVE_SYS_SOCKET_H 1
#define HAVE_SYS_TIME_H 1
#define HAVE__BOOL 1
#define HAVE_STDBOOL_H 1
#define TIME_WITH_SYS_TIME 1
#define HAVE_FORK 1
#define HAVE_VFORK 1
#define HAVE_WORKING_VFORK 1
#define HAVE_WORKING_FORK 1
#define HAVE_SYS_SELECT_H 1
#define HAVE_SYS_SOCKET_H 1
#define SELECT_TYPE_ARG1 int
#define SELECT_TYPE_ARG234 (fd_set *)
#define SELECT_TYPE_ARG5 (struct timeval *)
#define RETSIGTYPE void
#define HAVE_ATEXIT 1
#define HAVE_GETHOSTBYADDR 1
#define HAVE_GETHOSTBYNAME 1
#define HAVE_GETTIMEOFDAY 1
#define HAVE_MEMSET 1
#define HAVE_SELECT 1
#define HAVE_SOCKET 1

configure: exit 0
